<?xml version="1.0" encoding="UTF-8"?>
<!-- Generated by org.testng.reporters.JUnitXMLReporter -->
<testsuite ignored="6" hostname="LIGHTNING-LAPTOP" failures="2" tests="10" name="Group 1" time="0.352" errors="0" timestamp="2022-09-28T10:11:06 ICT">
  <testcase classname="test.BaseTest" name="@AfterMethod captureScreenshot" time="0.004">
    <failure type="java.lang.IllegalArgumentException" message="null is not supported!">
      <![CDATA[java.lang.IllegalArgumentException: null is not supported!
at driver.DriverFactory.getDriver(DriverFactory.java:49)
at test.BaseTest.captureScreenshot(BaseTest.java:66)
at java.base/java.util.ArrayList.forEach(ArrayList.java:1511)
at java.base/java.util.concurrent.FutureTask.run(FutureTask.java:264)
at java.base/java.util.concurrent.ThreadPoolExecutor.runWorker(ThreadPoolExecutor.java:1136)
at java.base/java.util.concurrent.ThreadPoolExecutor$Worker.run(ThreadPoolExecutor.java:635)
at java.base/java.lang.Thread.run(Thread.java:833)
... Removed 23 stack frames]]>
    </failure>
  </testcase> <!-- @AfterMethod captureScreenshot -->
  <testcase classname="test.BaseTest" name="@AfterMethod captureScreenshot" time="0.0">
    <skipped/>
  </testcase> <!-- @AfterMethod captureScreenshot -->
  <testcase classname="test.BaseTest" name="@AfterMethod captureScreenshot" time="0.0">
    <skipped/>
  </testcase> <!-- @AfterMethod captureScreenshot -->
  <testcase classname="test.BaseTest" name="@AfterMethod captureScreenshot" time="0.0">
    <skipped/>
  </testcase> <!-- @AfterMethod captureScreenshot -->
  <testcase classname="test.computer.BuyingCheapComputerTest" name="testBuyingCheapComputer" time="0.0">
    <skipped/>
  </testcase> <!-- testBuyingCheapComputer -->
  <testcase classname="test.computer.BuyingStandardComputerTest" name="testBuyingStandardComputer" time="0.0">
    <skipped/>
  </testcase> <!-- testBuyingStandardComputer -->
  <testcase classname="test.global.footer.FooterTest" name="testFooterCategoryPage" time="0.016">
    <failure type="java.lang.IllegalArgumentException" message="null is not supported!">
      <![CDATA[java.lang.IllegalArgumentException: null is not supported!
at driver.DriverFactory.getDriver(DriverFactory.java:49)
at test.BaseTest.getDriver(BaseTest.java:30)
at test.global.footer.FooterTest.testFooterCategoryPage(FooterTest.java:14)
at java.base/java.util.ArrayList.forEach(ArrayList.java:1511)
at java.base/java.util.concurrent.FutureTask.run(FutureTask.java:264)
at java.base/java.util.concurrent.ThreadPoolExecutor.runWorker(ThreadPoolExecutor.java:1136)
at java.base/java.util.concurrent.ThreadPoolExecutor$Worker.run(ThreadPoolExecutor.java:635)
at java.base/java.lang.Thread.run(Thread.java:833)
... Removed 18 stack frames]]>
    </failure>
  </testcase> <!-- testFooterCategoryPage -->
  <testcase classname="test.global.footer.FooterTest" name="testFooterHomePage" time="0.0">
    <skipped/>
  </testcase> <!-- testFooterHomePage -->
  <testcase classname="test.global.footer.FooterTest" name="testFooterLoginPage" time="0.0">
    <skipped/>
  </testcase> <!-- testFooterLoginPage -->
  <testcase classname="test.global.footer.FooterTest" name="testFooterRegisterPage" time="0.0">
    <skipped/>
  </testcase> <!-- testFooterRegisterPage -->
  <testcase classname="test.global.footer.FooterTestByTestNG" name="testFooterLoginPage" time="0.001"/>
  <testcase classname="test.global.footer.FooterTestByTestNG" name="testFooterRegisterPage" time="0.001"/>
  <testcase classname="test.global.footer.FooterTestByTestNG" name="testFooterCategoryPage" time="0.015"/>
  <testcase classname="test.global.footer.FooterTestByTestNG" name="testFooterHomePage" time="0.002">
    <failure type="java.lang.AssertionError" message="[ERR] They are different! expected [true] but found [false]">
      <![CDATA[java.lang.AssertionError: [ERR] They are different! expected [true] but found [false]
at test.global.footer.FooterTestByTestNG.testFooterHomePage(FooterTestByTestNG.java:17)
at java.base/java.util.ArrayList.forEach(ArrayList.java:1511)
at java.base/java.util.concurrent.FutureTask.run(FutureTask.java:264)
at java.base/java.util.concurrent.ThreadPoolExecutor.runWorker(ThreadPoolExecutor.java:1136)
at java.base/java.util.concurrent.ThreadPoolExecutor$Worker.run(ThreadPoolExecutor.java:635)
at java.base/java.lang.Thread.run(Thread.java:833)
... Removed 21 stack frames]]>
    </failure>
  </testcase> <!-- testFooterHomePage -->
  <testcase classname="test.BaseTest" name="@AfterTest closeBrowserSession" time="0.0">
    <ignored/>
  </testcase> <!-- @AfterTest closeBrowserSession -->
  <testcase classname="test.BaseTest" name="@AfterTest closeBrowserSession" time="0.0">
    <ignored/>
  </testcase> <!-- @AfterTest closeBrowserSession -->
  <testcase classname="test.BaseTest" name="@BeforeTest initBrowserSession" time="0.0">
    <ignored/>
  </testcase> <!-- @BeforeTest initBrowserSession -->
  <testcase classname="test.BaseTest" name="@BeforeTest initBrowserSession" time="0.0">
    <ignored/>
  </testcase> <!-- @BeforeTest initBrowserSession -->
  <testcase classname="test.BaseTest" name="@BeforeTest initBrowserSession" time="0.0">
    <ignored/>
  </testcase> <!-- @BeforeTest initBrowserSession -->
  <testcase classname="test.BaseTest" name="@AfterTest closeBrowserSession" time="0.0">
    <ignored/>
  </testcase> <!-- @AfterTest closeBrowserSession -->
</testsuite> <!-- Group 1 -->
