<?xml version="1.0" encoding="UTF-8"?>
<!-- Generated by org.testng.reporters.JUnitXMLReporter -->
<testsuite hostname="LIGHTNING-LAPTOP" ignored="6" name="Group 1" tests="10" failures="2" timestamp="2022-09-20T20:39:46 ICT" time="0.381" errors="0">
  <testcase name="@AfterMethod captureScreenshot" time="0.003" classname="test.BaseTest">
    <failure type="java.lang.IllegalArgumentException" message="null is not supported!">
      <![CDATA[java.lang.IllegalArgumentException: null is not supported!
at driver.DriverFactory.getDriver(DriverFactory.java:49)
at test.BaseTest.captureScreenshot(BaseTest.java:66)
at java.util.ArrayList.forEach(Unknown Source)
at java.util.concurrent.FutureTask.run(Unknown Source)
at java.util.concurrent.ThreadPoolExecutor.runWorker(Unknown Source)
at java.util.concurrent.ThreadPoolExecutor$Worker.run(Unknown Source)
at java.lang.Thread.run(Unknown Source)
... Removed 23 stack frames]]>
    </failure>
  </testcase> <!-- @AfterMethod captureScreenshot -->
  <testcase name="@AfterMethod captureScreenshot" time="0.0" classname="test.BaseTest">
    <skipped/>
  </testcase> <!-- @AfterMethod captureScreenshot -->
  <testcase name="@AfterMethod captureScreenshot" time="0.0" classname="test.BaseTest">
    <skipped/>
  </testcase> <!-- @AfterMethod captureScreenshot -->
  <testcase name="@AfterMethod captureScreenshot" time="0.0" classname="test.BaseTest">
    <skipped/>
  </testcase> <!-- @AfterMethod captureScreenshot -->
  <testcase name="testBuyingCheapComputer" time="0.0" classname="test.computer.BuyingCheapComputerTest">
    <skipped/>
  </testcase> <!-- testBuyingCheapComputer -->
  <testcase name="testBuyingStandardComputer" time="0.0" classname="test.computer.BuyingStandardComputerTest">
    <skipped/>
  </testcase> <!-- testBuyingStandardComputer -->
  <testcase name="testFooterCategoryPage" time="0.014" classname="test.global.footer.FooterTest">
    <failure type="java.lang.IllegalArgumentException" message="null is not supported!">
      <![CDATA[java.lang.IllegalArgumentException: null is not supported!
at driver.DriverFactory.getDriver(DriverFactory.java:49)
at test.BaseTest.getDriver(BaseTest.java:30)
at test.global.footer.FooterTest.testFooterCategoryPage(FooterTest.java:14)
at java.util.ArrayList.forEach(Unknown Source)
at java.util.concurrent.FutureTask.run(Unknown Source)
at java.util.concurrent.ThreadPoolExecutor.runWorker(Unknown Source)
at java.util.concurrent.ThreadPoolExecutor$Worker.run(Unknown Source)
at java.lang.Thread.run(Unknown Source)
... Removed 18 stack frames]]>
    </failure>
  </testcase> <!-- testFooterCategoryPage -->
  <testcase name="testFooterHomePage" time="0.0" classname="test.global.footer.FooterTest">
    <skipped/>
  </testcase> <!-- testFooterHomePage -->
  <testcase name="testFooterLoginPage" time="0.0" classname="test.global.footer.FooterTest">
    <skipped/>
  </testcase> <!-- testFooterLoginPage -->
  <testcase name="testFooterRegisterPage" time="0.0" classname="test.global.footer.FooterTest">
    <skipped/>
  </testcase> <!-- testFooterRegisterPage -->
  <testcase name="testFooterLoginPage" time="0.002" classname="test.global.footer.FooterTestByTestNG"/>
  <testcase name="testFooterRegisterPage" time="0.001" classname="test.global.footer.FooterTestByTestNG"/>
  <testcase name="testFooterCategoryPage" time="0.011" classname="test.global.footer.FooterTestByTestNG"/>
  <testcase name="testFooterHomePage" time="0.005" classname="test.global.footer.FooterTestByTestNG">
    <failure type="java.lang.AssertionError" message="[ERR] They are different! expected [true] but found [false]">
      <![CDATA[java.lang.AssertionError: [ERR] They are different! expected [true] but found [false]
at test.global.footer.FooterTestByTestNG.testFooterHomePage(FooterTestByTestNG.java:17)
at java.util.ArrayList.forEach(Unknown Source)
at java.util.concurrent.FutureTask.run(Unknown Source)
at java.util.concurrent.ThreadPoolExecutor.runWorker(Unknown Source)
at java.util.concurrent.ThreadPoolExecutor$Worker.run(Unknown Source)
at java.lang.Thread.run(Unknown Source)
... Removed 21 stack frames]]>
    </failure>
  </testcase> <!-- testFooterHomePage -->
  <testcase name="@AfterTest closeBrowserSession" time="0.0" classname="test.BaseTest">
    <ignored/>
  </testcase> <!-- @AfterTest closeBrowserSession -->
  <testcase name="@BeforeTest initBrowserSession" time="0.0" classname="test.BaseTest">
    <ignored/>
  </testcase> <!-- @BeforeTest initBrowserSession -->
  <testcase name="@AfterTest closeBrowserSession" time="0.0" classname="test.BaseTest">
    <ignored/>
  </testcase> <!-- @AfterTest closeBrowserSession -->
  <testcase name="@AfterTest closeBrowserSession" time="0.0" classname="test.BaseTest">
    <ignored/>
  </testcase> <!-- @AfterTest closeBrowserSession -->
  <testcase name="@BeforeTest initBrowserSession" time="0.0" classname="test.BaseTest">
    <ignored/>
  </testcase> <!-- @BeforeTest initBrowserSession -->
  <testcase name="@BeforeTest initBrowserSession" time="0.0" classname="test.BaseTest">
    <ignored/>
  </testcase> <!-- @BeforeTest initBrowserSession -->
</testsuite> <!-- Group 1 -->
